c:\users\snowk\desktop\my_repository\study_test\data_structure\heap\x64\debug\vc143.pdb
c:\users\snowk\desktop\my_repository\study_test\data_structure\heap\x64\debug\vc143.idb
c:\users\snowk\desktop\my_repository\study_test\data_structure\heap\x64\debug\test.obj
c:\users\snowk\desktop\my_repository\study_test\data_structure\heap\x64\debug\heap.obj
c:\users\snowk\desktop\my_repository\study_test\data_structure\heap\x64\debug\heap.exe
c:\users\snowk\desktop\my_repository\study_test\data_structure\heap\x64\debug\heap.ilk
c:\users\snowk\desktop\my_repository\study_test\data_structure\heap\x64\debug\heap.pdb
c:\users\w1752\desktop\my_repository\study_test\data_structure\heap\x64\debug\heap.obj
c:\users\w1752\desktop\my_repository\study_test\data_structure\heap\x64\debug\test.obj
c:\users\w1752\desktop\my_repository\study_test\data_structure\heap\x64\debug\heap.ilk
c:\users\w1752\desktop\my_repository\study_test\data_structure\heap\x64\debug\vc143.idb
c:\users\w1752\desktop\my_repository\study_test\data_structure\heap\x64\debug\heap.pdb
c:\users\w1752\desktop\my_repository\study_test\data_structure\heap\x64\debug\vc143.pdb
c:\users\w1752\desktop\my_repository\study_test\data_structure\heap\x64\debug\heap.exe
c:\users\w1752\desktop\my_repository\study_test\data_structure\heap\x64\debug\heap.tlog\cl.command.1.tlog
c:\users\w1752\desktop\my_repository\study_test\data_structure\heap\x64\debug\heap.tlog\cl.items.tlog
c:\users\w1752\desktop\my_repository\study_test\data_structure\heap\x64\debug\heap.tlog\cl.read.1.tlog
c:\users\w1752\desktop\my_repository\study_test\data_structure\heap\x64\debug\heap.tlog\cl.write.1.tlog
c:\users\w1752\desktop\my_repository\study_test\data_structure\heap\x64\debug\heap.tlog\link.command.1.tlog
c:\users\w1752\desktop\my_repository\study_test\data_structure\heap\x64\debug\heap.tlog\link.read.1.tlog
c:\users\w1752\desktop\my_repository\study_test\data_structure\heap\x64\debug\heap.tlog\link.write.1.tlog
