c:\users\snowk\desktop\my_repository\study_test\singlelist\x64\debug\vc143.pdb
c:\users\snowk\desktop\my_repository\study_test\singlelist\x64\debug\vc143.idb
c:\users\snowk\desktop\my_repository\study_test\singlelist\x64\debug\test.obj
c:\users\snowk\desktop\my_repository\study_test\singlelist\x64\debug\slist.obj
c:\users\snowk\desktop\my_repository\study_test\singlelist\x64\debug\singlelist.exe
c:\users\snowk\desktop\my_repository\study_test\singlelist\x64\debug\singlelist.ilk
c:\users\snowk\desktop\my_repository\study_test\singlelist\x64\debug\singlelist.pdb
c:\users\w1752\desktop\my_repository\study_test\data_structure\singlelist\x64\debug\slist.obj
c:\users\w1752\desktop\my_repository\study_test\data_structure\singlelist\x64\debug\test.obj
c:\users\w1752\desktop\my_repository\study_test\data_structure\singlelist\x64\debug\singlelist.ilk
c:\users\w1752\desktop\my_repository\study_test\data_structure\singlelist\x64\debug\vc143.idb
c:\users\w1752\desktop\my_repository\study_test\data_structure\singlelist\x64\debug\singlelist.pdb
c:\users\w1752\desktop\my_repository\study_test\data_structure\singlelist\x64\debug\vc143.pdb
c:\users\w1752\desktop\my_repository\study_test\data_structure\singlelist\x64\debug\singlelist.exe
c:\users\w1752\desktop\my_repository\study_test\data_structure\singlelist\x64\debug\singlelist.tlog\cl.command.1.tlog
c:\users\w1752\desktop\my_repository\study_test\data_structure\singlelist\x64\debug\singlelist.tlog\cl.items.tlog
c:\users\w1752\desktop\my_repository\study_test\data_structure\singlelist\x64\debug\singlelist.tlog\cl.read.1.tlog
c:\users\w1752\desktop\my_repository\study_test\data_structure\singlelist\x64\debug\singlelist.tlog\cl.write.1.tlog
c:\users\w1752\desktop\my_repository\study_test\data_structure\singlelist\x64\debug\singlelist.tlog\link.command.1.tlog
c:\users\w1752\desktop\my_repository\study_test\data_structure\singlelist\x64\debug\singlelist.tlog\link.read.1.tlog
c:\users\w1752\desktop\my_repository\study_test\data_structure\singlelist\x64\debug\singlelist.tlog\link.write.1.tlog
