c:\users\snowk\desktop\my_repository\study_test\list\x64\debug\vc143.pdb
c:\users\snowk\desktop\my_repository\study_test\list\x64\debug\vc143.idb
c:\users\snowk\desktop\my_repository\study_test\list\x64\debug\test.obj
c:\users\snowk\desktop\my_repository\study_test\list\x64\debug\list.obj
c:\users\snowk\desktop\my_repository\study_test\list\x64\debug\list.exe
c:\users\snowk\desktop\my_repository\study_test\list\x64\debug\list.ilk
c:\users\snowk\desktop\my_repository\study_test\list\x64\debug\list.pdb
c:\users\w1752\desktop\my_repository\study_test\data_structure\list\x64\debug\list.obj
c:\users\w1752\desktop\my_repository\study_test\data_structure\list\x64\debug\test.obj
c:\users\w1752\desktop\my_repository\study_test\data_structure\list\x64\debug\list.ilk
c:\users\w1752\desktop\my_repository\study_test\data_structure\list\x64\debug\vc143.idb
c:\users\w1752\desktop\my_repository\study_test\data_structure\list\x64\debug\list.pdb
c:\users\w1752\desktop\my_repository\study_test\data_structure\list\x64\debug\vc143.pdb
c:\users\w1752\desktop\my_repository\study_test\data_structure\list\x64\debug\list.exe
c:\users\w1752\desktop\my_repository\study_test\data_structure\list\x64\debug\list.tlog\cl.command.1.tlog
c:\users\w1752\desktop\my_repository\study_test\data_structure\list\x64\debug\list.tlog\cl.items.tlog
c:\users\w1752\desktop\my_repository\study_test\data_structure\list\x64\debug\list.tlog\cl.read.1.tlog
c:\users\w1752\desktop\my_repository\study_test\data_structure\list\x64\debug\list.tlog\cl.write.1.tlog
c:\users\w1752\desktop\my_repository\study_test\data_structure\list\x64\debug\list.tlog\link.command.1.tlog
c:\users\w1752\desktop\my_repository\study_test\data_structure\list\x64\debug\list.tlog\link.read.1.tlog
c:\users\w1752\desktop\my_repository\study_test\data_structure\list\x64\debug\list.tlog\link.write.1.tlog
