c:\users\snowk\desktop\my_repository\study_test\seqlist\x64\debug\vc143.pdb
c:\users\snowk\desktop\my_repository\study_test\seqlist\x64\debug\vc143.idb
c:\users\snowk\desktop\my_repository\study_test\seqlist\x64\debug\test.obj
c:\users\snowk\desktop\my_repository\study_test\seqlist\x64\debug\seqlist.obj
c:\users\snowk\desktop\my_repository\study_test\seqlist\x64\debug\seqlist.exe
c:\users\snowk\desktop\my_repository\study_test\seqlist\x64\debug\seqlist.ilk
c:\users\snowk\desktop\my_repository\study_test\seqlist\x64\debug\seqlist.pdb
c:\users\w1752\desktop\my_repository\study_test\data_structure\seqlist\x64\debug\seqlist.obj
c:\users\w1752\desktop\my_repository\study_test\data_structure\seqlist\x64\debug\test.obj
c:\users\w1752\desktop\my_repository\study_test\data_structure\seqlist\x64\debug\seqlist.ilk
c:\users\w1752\desktop\my_repository\study_test\data_structure\seqlist\x64\debug\vc143.idb
c:\users\w1752\desktop\my_repository\study_test\data_structure\seqlist\x64\debug\seqlist.pdb
c:\users\w1752\desktop\my_repository\study_test\data_structure\seqlist\x64\debug\vc143.pdb
c:\users\w1752\desktop\my_repository\study_test\data_structure\seqlist\x64\debug\seqlist.exe
c:\users\w1752\desktop\my_repository\study_test\data_structure\seqlist\x64\debug\seqlist.tlog\cl.command.1.tlog
c:\users\w1752\desktop\my_repository\study_test\data_structure\seqlist\x64\debug\seqlist.tlog\cl.items.tlog
c:\users\w1752\desktop\my_repository\study_test\data_structure\seqlist\x64\debug\seqlist.tlog\cl.read.1.tlog
c:\users\w1752\desktop\my_repository\study_test\data_structure\seqlist\x64\debug\seqlist.tlog\cl.write.1.tlog
c:\users\w1752\desktop\my_repository\study_test\data_structure\seqlist\x64\debug\seqlist.tlog\link.command.1.tlog
c:\users\w1752\desktop\my_repository\study_test\data_structure\seqlist\x64\debug\seqlist.tlog\link.read.1.tlog
c:\users\w1752\desktop\my_repository\study_test\data_structure\seqlist\x64\debug\seqlist.tlog\link.write.1.tlog
