c:\users\snowk\desktop\my_repository\study_test\game1\x64\debug\vc143.pdb
c:\users\snowk\desktop\my_repository\study_test\game1\x64\debug\vc143.idb
c:\users\snowk\desktop\my_repository\study_test\game1\x64\debug\game1.obj
c:\users\snowk\desktop\my_repository\study_test\game1\x64\debug\testgame1.obj
c:\users\snowk\desktop\my_repository\study_test\game1\x64\debug\game1.exe
c:\users\snowk\desktop\my_repository\study_test\game1\x64\debug\game1.ilk
c:\users\snowk\desktop\my_repository\study_test\game1\x64\debug\game1.pdb
c:\users\w1752\desktop\my_repository\study_test\task\game1\x64\debug\game1.obj
c:\users\w1752\desktop\my_repository\study_test\task\game1\x64\debug\testgame1.obj
c:\users\w1752\desktop\my_repository\study_test\task\game1\x64\debug\game1.obj.enc
c:\users\w1752\desktop\my_repository\study_test\task\game1\x64\debug\game1.ilk
c:\users\w1752\desktop\my_repository\study_test\task\game1\x64\debug\vc143.idb
c:\users\w1752\desktop\my_repository\study_test\task\game1\x64\debug\game1.pdb
c:\users\w1752\desktop\my_repository\study_test\task\game1\x64\debug\vc143.pdb
c:\users\w1752\desktop\my_repository\study_test\task\game1\x64\debug\game1.exe
c:\users\w1752\desktop\my_repository\study_test\task\game1\x64\debug\game1.tlog\cl.command.1.tlog
c:\users\w1752\desktop\my_repository\study_test\task\game1\x64\debug\game1.tlog\cl.read.1.tlog
c:\users\w1752\desktop\my_repository\study_test\task\game1\x64\debug\game1.tlog\cl.write.1.tlog
c:\users\w1752\desktop\my_repository\study_test\task\game1\x64\debug\game1.tlog\link.command.1.tlog
c:\users\w1752\desktop\my_repository\study_test\task\game1\x64\debug\game1.tlog\link.read.1.tlog
c:\users\w1752\desktop\my_repository\study_test\task\game1\x64\debug\game1.tlog\link.write.1.tlog
