c:\users\snowk\desktop\my_repository\study_test\stack\x64\debug\vc143.pdb
c:\users\snowk\desktop\my_repository\study_test\stack\x64\debug\vc143.idb
c:\users\snowk\desktop\my_repository\study_test\stack\x64\debug\test.obj
c:\users\snowk\desktop\my_repository\study_test\stack\x64\debug\stack.obj
c:\users\snowk\desktop\my_repository\study_test\stack\x64\debug\stack.exe
c:\users\snowk\desktop\my_repository\study_test\stack\x64\debug\stack.ilk
c:\users\snowk\desktop\my_repository\study_test\stack\x64\debug\stack.pdb
c:\users\w1752\desktop\my_repository\study_test\data_structure\stack\x64\debug\stack.obj
c:\users\w1752\desktop\my_repository\study_test\data_structure\stack\x64\debug\test.obj
c:\users\w1752\desktop\my_repository\study_test\data_structure\stack\x64\debug\stack.ilk
c:\users\w1752\desktop\my_repository\study_test\data_structure\stack\x64\debug\vc143.idb
c:\users\w1752\desktop\my_repository\study_test\data_structure\stack\x64\debug\stack.pdb
c:\users\w1752\desktop\my_repository\study_test\data_structure\stack\x64\debug\vc143.pdb
c:\users\w1752\desktop\my_repository\study_test\data_structure\stack\x64\debug\stack.exe
c:\users\w1752\desktop\my_repository\study_test\data_structure\stack\x64\debug\stack.tlog\cl.command.1.tlog
c:\users\w1752\desktop\my_repository\study_test\data_structure\stack\x64\debug\stack.tlog\cl.items.tlog
c:\users\w1752\desktop\my_repository\study_test\data_structure\stack\x64\debug\stack.tlog\cl.read.1.tlog
c:\users\w1752\desktop\my_repository\study_test\data_structure\stack\x64\debug\stack.tlog\cl.write.1.tlog
c:\users\w1752\desktop\my_repository\study_test\data_structure\stack\x64\debug\stack.tlog\link.command.1.tlog
c:\users\w1752\desktop\my_repository\study_test\data_structure\stack\x64\debug\stack.tlog\link.read.1.tlog
c:\users\w1752\desktop\my_repository\study_test\data_structure\stack\x64\debug\stack.tlog\link.write.1.tlog
