c:\users\snowk\desktop\my_repository\study_test\game2\x64\debug\vc143.pdb
c:\users\snowk\desktop\my_repository\study_test\game2\x64\debug\vc143.idb
c:\users\snowk\desktop\my_repository\study_test\game2\x64\debug\game2.obj
c:\users\snowk\desktop\my_repository\study_test\game2\x64\debug\testgame2.obj
c:\users\snowk\desktop\my_repository\study_test\game2\x64\debug\game2.exe
c:\users\snowk\desktop\my_repository\study_test\game2\x64\debug\game2.ilk
c:\users\snowk\desktop\my_repository\study_test\game2\x64\debug\game2.pdb
c:\users\w1752\desktop\my_repository\study_test\task\game2\x64\debug\game2.obj
c:\users\w1752\desktop\my_repository\study_test\task\game2\x64\debug\testgame2.obj
c:\users\w1752\desktop\my_repository\study_test\task\game2\x64\debug\game2.ilk
c:\users\w1752\desktop\my_repository\study_test\task\game2\x64\debug\vc143.idb
c:\users\w1752\desktop\my_repository\study_test\task\game2\x64\debug\game2.pdb
c:\users\w1752\desktop\my_repository\study_test\task\game2\x64\debug\vc143.pdb
c:\users\w1752\desktop\my_repository\study_test\task\game2\x64\debug\game2.exe
c:\users\w1752\desktop\my_repository\study_test\task\game2\x64\debug\game2.tlog\cl.command.1.tlog
c:\users\w1752\desktop\my_repository\study_test\task\game2\x64\debug\game2.tlog\cl.read.1.tlog
c:\users\w1752\desktop\my_repository\study_test\task\game2\x64\debug\game2.tlog\cl.write.1.tlog
c:\users\w1752\desktop\my_repository\study_test\task\game2\x64\debug\game2.tlog\link.command.1.tlog
c:\users\w1752\desktop\my_repository\study_test\task\game2\x64\debug\game2.tlog\link.read.1.tlog
c:\users\w1752\desktop\my_repository\study_test\task\game2\x64\debug\game2.tlog\link.write.1.tlog
