c:\users\snowk\desktop\my_repository\study_test\contact\x64\debug\vc143.pdb
c:\users\snowk\desktop\my_repository\study_test\contact\x64\debug\vc143.idb
c:\users\snowk\desktop\my_repository\study_test\contact\x64\debug\test.obj
c:\users\snowk\desktop\my_repository\study_test\contact\x64\debug\contact.obj
c:\users\snowk\desktop\my_repository\study_test\contact\x64\debug\contact.exe
c:\users\snowk\desktop\my_repository\study_test\contact\x64\debug\contact.ilk
c:\users\snowk\desktop\my_repository\study_test\contact\x64\debug\contact.pdb
c:\users\w1752\desktop\my_repository\study_test\task\contact\x64\debug\contact.obj
c:\users\w1752\desktop\my_repository\study_test\task\contact\x64\debug\test.obj
c:\users\w1752\desktop\my_repository\study_test\task\contact\x64\debug\contact.obj.enc
c:\users\w1752\desktop\my_repository\study_test\task\contact\x64\debug\contact.ilk
c:\users\w1752\desktop\my_repository\study_test\task\contact\x64\debug\vc143.idb
c:\users\w1752\desktop\my_repository\study_test\task\contact\x64\debug\contact.pdb
c:\users\w1752\desktop\my_repository\study_test\task\contact\x64\debug\vc143.pdb
c:\users\w1752\desktop\my_repository\study_test\task\contact\x64\debug\contact.exe
c:\users\w1752\desktop\my_repository\study_test\task\contact\x64\debug\contact.tlog\cl.command.1.tlog
c:\users\w1752\desktop\my_repository\study_test\task\contact\x64\debug\contact.tlog\cl.read.1.tlog
c:\users\w1752\desktop\my_repository\study_test\task\contact\x64\debug\contact.tlog\cl.write.1.tlog
c:\users\w1752\desktop\my_repository\study_test\task\contact\x64\debug\contact.tlog\link.command.1.tlog
c:\users\w1752\desktop\my_repository\study_test\task\contact\x64\debug\contact.tlog\link.read.1.tlog
c:\users\w1752\desktop\my_repository\study_test\task\contact\x64\debug\contact.tlog\link.write.1.tlog
