  Test.cpp
C:\Users\w1752\Desktop\My_Repository\Study_Test\Data_Structure\AVLTree\Test.cpp(20,12): warning C4244: “参数”: 从“time_t”转换到“unsigned int”，可能丢失数据
E:\Program Files\Microsoft Visual Studio\2022\Enterprise\VC\Tools\MSVC\14.37.32822\include\utility(270,61): warning C4244: “初始化”: 从“_Ty”转换到“_Ty2”，可能丢失数据
          with
          [
              _Ty=unsigned __int64
          ]
          and
          [
              _Ty2=int
          ]
C:\Users\w1752\Desktop\My_Repository\Study_Test\Data_Structure\AVLTree\Test.cpp(29,22): message : 查看对正在编译的函数 模板 实例化“std::pair<K,V>::pair<int,unsigned __int64,0>(std::pair<int,unsigned __int64> &&) noexcept”的引用
          with
          [
              K=int,
              V=int
          ]
C:\Users\w1752\Desktop\My_Repository\Study_Test\Data_Structure\AVLTree\Test.cpp(29,12): message : 请参阅 "Test2" 中对 "std::pair<K,V>::pair" 的第一个引用
          with
          [
              K=int,
              V=int
          ]
  AVLTree.vcxproj -> C:\Users\w1752\Desktop\My_Repository\Study_Test\Data_Structure\AVLTree\x64\Debug\AVLTree.exe
